<?xml version="1.1" encoding="UTF-8"?>
<?totaltestVersion 20.10.3.v20220524-1628_164?>
<!--Topaz for Total Test 20.10.3.v20220524-1628_164 22-Jun-2023, 10:49:02 AM-->
<testsuites>
  <testsuite errors="0" failures="0" name="DEMOPGM.PGM02C_Scenario.00001: PGM02CCase1" tests="1">
    <testcase classname="DEMOPGM.PGM02C_Scenario.00001: PGM02CCase1" name="00001: Check for RETURN_CODE"/>
  </testsuite>
  <testsuite errors="0" failures="0" name="DEMOPGM.PGM02C_Scenario.00001: PGM02CCase1.PGM02C_PGM02D_01.00001: PGM02D assertion" tests="4">
    <testcase classname="DEMOPGM.PGM02C_Scenario.00001: PGM02CCase1.PGM02C_PGM02D_01.00001: PGM02D assertion" name="00001: Check for WS_X"/>
    <testcase classname="DEMOPGM.PGM02C_Scenario.00001: PGM02CCase1.PGM02C_PGM02D_01.00001: PGM02D assertion" name="00002: Check for WS_Y"/>
    <testcase classname="DEMOPGM.PGM02C_Scenario.00001: PGM02CCase1.PGM02C_PGM02D_01.00001: PGM02D assertion" name="00003: Check for WS_Z"/>
    <testcase classname="DEMOPGM.PGM02C_Scenario.00001: PGM02CCase1.PGM02C_PGM02D_01.00001: PGM02D assertion" name="00004: Check for WS_FLG"/>
  </testsuite>
</testsuites>